2013-10-02 12:00:39,112 [ACCEPTED LOGIN]  for admin/10.0.2.2.
2013-10-02 13:11:26,448 [DENIED DEPLOY] libs-release-local:sourcetalk-tage/continuous-delivery-training/17/continuous-delivery-training-17.jar for anonymous/127.0.0.1.
2013-10-02 13:11:26,469 [DENIED DEPLOY] libs-release-local:sourcetalk-tage/continuous-delivery-training/17/continuous-delivery-training-17.pom for anonymous/127.0.0.1.
2013-10-02 13:16:31,768 [DENIED DEPLOY] libs-release-local:sourcetalk-tage/continuous-delivery-training/18/continuous-delivery-training-18.jar for anonymous/127.0.0.1.
2013-10-02 13:16:31,800 [DENIED DEPLOY] libs-release-local:sourcetalk-tage/continuous-delivery-training/18/continuous-delivery-training-18.pom for anonymous/127.0.0.1.
2013-10-02 13:22:51,102 [DENIED DEPLOY] libs-release-local:sourcetalk-tage/continuous-delivery-training/19/continuous-delivery-training-19.jar for anonymous/127.0.0.1.
2013-10-02 13:22:51,141 [DENIED DEPLOY] libs-release-local:sourcetalk-tage/continuous-delivery-training/19/continuous-delivery-training-19.pom for anonymous/127.0.0.1.
2013-10-02 13:27:06,889 [DENIED DEPLOY] libs-release-local:sourcetalk-tage/continuous-delivery-training/20/continuous-delivery-training-20.jar for anonymous/127.0.0.1.
2013-10-02 13:27:06,915 [DENIED DEPLOY] libs-release-local:sourcetalk-tage/continuous-delivery-training/20/continuous-delivery-training-20.pom for anonymous/127.0.0.1.
2013-10-02 13:32:52,035 [ACCEPTED DEPLOY] libs-release-local:sourcetalk-tage/continuous-delivery-training/21/continuous-delivery-training-21.jar for admin/127.0.0.1.
2013-10-02 13:32:52,664 [ACCEPTED DEPLOY] libs-release-local:sourcetalk-tage/continuous-delivery-training/21/continuous-delivery-training-21.pom for admin/127.0.0.1.
2013-10-02 13:32:52,821 [ACCEPTED DEPLOY] libs-release-local:sourcetalk-tage/continuous-delivery-training/maven-metadata.xml for admin/127.0.0.1.
2013-10-02 13:32:52,959 [ACCEPTED DEPLOY] libs-release-local:sourcetalk-tage/continuous-delivery-training/maven-metadata.xml for admin/127.0.0.1.
2013-10-02 13:49:19,927 [ACCEPTED DEPLOY] libs-release-local:sourcetalk-tage/continuous-delivery-training/22/continuous-delivery-training-22.jar for admin/127.0.0.1.
2013-10-02 13:49:20,034 [ACCEPTED DEPLOY] libs-release-local:sourcetalk-tage/continuous-delivery-training/22/continuous-delivery-training-22.pom for admin/127.0.0.1.
2013-10-02 13:49:20,090 [ACCEPTED DEPLOY] libs-release-local:sourcetalk-tage/continuous-delivery-training/maven-metadata.xml for admin/127.0.0.1.
2013-10-02 13:49:20,630 [ACCEPTED DOWNLOAD] libs-release-local:sourcetalk-tage/continuous-delivery-training/maven-metadata.xml for admin/127.0.0.1.
2013-10-02 13:49:20,665 [ACCEPTED DOWNLOAD] libs-release-local:sourcetalk-tage/continuous-delivery-training/maven-metadata.xml.sha1 for admin/127.0.0.1.
2013-10-02 13:49:20,721 [ACCEPTED DEPLOY] libs-release-local:sourcetalk-tage/continuous-delivery-training/maven-metadata.xml for admin/127.0.0.1.
2013-10-02 13:50:51,729 [ACCEPTED DEPLOY] libs-release-local:sourcetalk-tage/continuous-delivery-training/23/continuous-delivery-training-23.jar for admin/127.0.0.1.
2013-10-02 13:50:51,834 [ACCEPTED DEPLOY] libs-release-local:sourcetalk-tage/continuous-delivery-training/23/continuous-delivery-training-23.pom for admin/127.0.0.1.
2013-10-02 13:50:51,915 [ACCEPTED DEPLOY] libs-release-local:sourcetalk-tage/continuous-delivery-training/maven-metadata.xml for admin/127.0.0.1.
2013-10-02 13:50:51,925 [ACCEPTED DOWNLOAD] libs-release-local:sourcetalk-tage/continuous-delivery-training/maven-metadata.xml for admin/127.0.0.1.
2013-10-02 13:50:51,979 [ACCEPTED DOWNLOAD] libs-release-local:sourcetalk-tage/continuous-delivery-training/maven-metadata.xml.sha1 for admin/127.0.0.1.
2013-10-02 13:50:52,008 [ACCEPTED DOWNLOAD] libs-release-local:sourcetalk-tage/continuous-delivery-training/maven-metadata.xml for admin/127.0.0.1.
2013-10-02 13:50:52,019 [ACCEPTED DOWNLOAD] libs-release-local:sourcetalk-tage/continuous-delivery-training/maven-metadata.xml.sha1 for admin/127.0.0.1.
2013-10-02 13:50:52,058 [ACCEPTED DEPLOY] libs-release-local:sourcetalk-tage/continuous-delivery-training/maven-metadata.xml for admin/127.0.0.1.
2013-10-02 13:51:01,104 [ACCEPTED DOWNLOAD] libs-release-local:sourcetalk-tage/continuous-delivery-training/23/continuous-delivery-training-23.jar for anonymous/10.0.2.2.
2013-10-02 13:52:55,723 [ACCEPTED DEPLOY] libs-release-local:sourcetalk-tage/continuous-delivery-training/24/continuous-delivery-training-24.jar for admin/127.0.0.1.
2013-10-02 13:52:55,895 [ACCEPTED DEPLOY] libs-release-local:sourcetalk-tage/continuous-delivery-training/24/continuous-delivery-training-24.pom for admin/127.0.0.1.
2013-10-02 13:52:55,946 [ACCEPTED DEPLOY] libs-release-local:sourcetalk-tage/continuous-delivery-training/maven-metadata.xml for admin/127.0.0.1.
2013-10-02 13:52:55,958 [ACCEPTED DOWNLOAD] libs-release-local:sourcetalk-tage/continuous-delivery-training/maven-metadata.xml for admin/127.0.0.1.
2013-10-02 13:52:55,977 [ACCEPTED DOWNLOAD] libs-release-local:sourcetalk-tage/continuous-delivery-training/maven-metadata.xml.sha1 for admin/127.0.0.1.
2013-10-02 13:52:55,993 [ACCEPTED DOWNLOAD] libs-release-local:sourcetalk-tage/continuous-delivery-training/maven-metadata.xml for admin/127.0.0.1.
2013-10-02 13:52:56,006 [ACCEPTED DOWNLOAD] libs-release-local:sourcetalk-tage/continuous-delivery-training/maven-metadata.xml.sha1 for admin/127.0.0.1.
2013-10-02 13:52:56,048 [ACCEPTED DEPLOY] libs-release-local:sourcetalk-tage/continuous-delivery-training/maven-metadata.xml for admin/127.0.0.1.
2013-10-02 13:53:05,252 [ACCEPTED DOWNLOAD] libs-release-local:sourcetalk-tage/continuous-delivery-training/24/continuous-delivery-training-24.jar for anonymous/10.0.2.2.
2013-10-02 14:02:32,156 [ACCEPTED DEPLOY] libs-release-local:sourcetalk-tage/continuous-delivery-training/26/continuous-delivery-training-26.jar for admin/127.0.0.1.
2013-10-02 14:02:32,768 [ACCEPTED DEPLOY] libs-release-local:sourcetalk-tage/continuous-delivery-training/26/continuous-delivery-training-26.pom for admin/127.0.0.1.
2013-10-02 14:02:33,276 [ACCEPTED DOWNLOAD] libs-release-local:sourcetalk-tage/continuous-delivery-training/maven-metadata.xml for admin/127.0.0.1.
2013-10-02 14:02:33,338 [ACCEPTED DOWNLOAD] libs-release-local:sourcetalk-tage/continuous-delivery-training/maven-metadata.xml.sha1 for admin/127.0.0.1.
2013-10-02 14:02:33,392 [ACCEPTED DEPLOY] libs-release-local:sourcetalk-tage/continuous-delivery-training/maven-metadata.xml for admin/127.0.0.1.
2013-10-02 14:02:33,517 [ACCEPTED DEPLOY] libs-release-local:sourcetalk-tage/continuous-delivery-training/maven-metadata.xml for admin/127.0.0.1.
